*** Starting uWSGI 2.0.18 (64bit) on [Sat Aug 15 15:44:41 2020] ***
compiled with version: 8.3.0 on 15 August 2020 02:24:42
os: Linux-5.3.0-3-amd64 #1 SMP deepin 5.3.15-6apricot (2020-04-13)
nodename: jizhen-pc
machine: x86_64
clock source: unix
pcre jit disabled
detected number of CPU cores: 6
current working directory: /home/singein/Projects/me/appcenter
detected binary path: /home/singein/Environment/venv/bin/uwsgi
*** WARNING: you are running uWSGI without its master process manager ***
your processes number limit is 61469
your memory page size is 4096 bytes
detected max file descriptor number: 8192
lock engine: pthread robust mutexes
thunder lock: disabled (you can enable it with --thunder-lock)
uwsgi socket 0 bound to TCP address 127.0.0.1:6666 fd 3
Python version: 3.7.3 (default, Apr  3 2019, 05:39:12)  [GCC 8.3.0]
*** Python threads support is disabled. You can enable it with --enable-threads ***
Python main interpreter initialized at 0x1d8ee90
your server socket listen backlog is limited to 100 connections
your mercy for graceful operations on workers is 60 seconds
mapped 72904 bytes (71 KB) for 1 cores
*** Operational MODE: single process ***
failed to open python file %s
unable to load app 0 (mountpoint='') (callable not found or import error)
*** no app loaded. going in full dynamic mode ***
*** uWSGI is running in multiple interpreter mode ***
spawned uWSGI worker 1 (and the only) (pid: 10778, cores: 1)
invalid request block size: 21573 (max 4096)...skip
invalid request block size: 21573 (max 4096)...skip
invalid request block size: 21573 (max 4096)...skip
invalid request block size: 21573 (max 4096)...skip
invalid request block size: 21573 (max 4096)...skip
invalid request block size: 21573 (max 4096)...skip
invalid request block size: 21573 (max 4096)...skip
invalid request block size: 21573 (max 4096)...skip
invalid request block size: 21573 (max 4096)...skip
invalid request block size: 21573 (max 4096)...skip
*** Starting uWSGI 2.0.18 (64bit) on [Sat Aug 15 15:44:59 2020] ***
compiled with version: 8.3.0 on 15 August 2020 02:24:42
os: Linux-5.3.0-3-amd64 #1 SMP deepin 5.3.15-6apricot (2020-04-13)
nodename: jizhen-pc
machine: x86_64
clock source: unix
pcre jit disabled
detected number of CPU cores: 6
current working directory: /home/singein/Projects/me/appcenter
detected binary path: /home/singein/Environment/venv/bin/uwsgi
*** WARNING: you are running uWSGI without its master process manager ***
your processes number limit is 61469
your memory page size is 4096 bytes
detected max file descriptor number: 8192
lock engine: pthread robust mutexes
thunder lock: disabled (you can enable it with --thunder-lock)
uwsgi socket 0 bound to TCP address 127.0.0.1:6666 fd 3
Python version: 3.7.3 (default, Apr  3 2019, 05:39:12)  [GCC 8.3.0]
*** Python threads support is disabled. You can enable it with --enable-threads ***
Python main interpreter initialized at 0xc4ae90
your server socket listen backlog is limited to 100 connections
your mercy for graceful operations on workers is 60 seconds
mapped 72904 bytes (71 KB) for 1 cores
*** Operational MODE: single process ***
failed to open python file %s
unable to load app 0 (mountpoint='') (callable not found or import error)
*** no app loaded. going in full dynamic mode ***
*** uWSGI is running in multiple interpreter mode ***
spawned uWSGI worker 1 (and the only) (pid: 10815, cores: 1)
invalid request block size: 21573 (max 4096)...skip
invalid request block size: 21573 (max 4096)...skip
invalid request block size: 21573 (max 4096)...skip
invalid request block size: 21573 (max 4096)...skip
invalid request block size: 21573 (max 4096)...skip
invalid request block size: 21573 (max 4096)...skip
invalid request block size: 21573 (max 4096)...skip
invalid request block size: 21573 (max 4096)...skip
invalid request block size: 21573 (max 4096)...skip
invalid request block size: 21573 (max 4096)...skip
